2025-12-28 12:55:40 - __main__ - INFO - ================================================================================
2025-12-28 12:55:40 - __main__ - INFO - GenAI Fraud Detection Pipeline Coordinator
2025-12-28 12:55:40 - __main__ - INFO - ================================================================================
2025-12-28 12:55:40 - __main__ - INFO - 
2025-12-28 12:55:40 - __main__ - INFO - ================================================================================
2025-12-28 12:55:40 - __main__ - INFO - SYSTEM INFORMATION
2025-12-28 12:55:40 - __main__ - INFO - ================================================================================
2025-12-28 12:55:40 - __main__ - INFO - PyTorch Version: 2.6.0+cu124
2025-12-28 12:55:40 - __main__ - INFO - CUDA Available: Yes
2025-12-28 12:55:40 - __main__ - INFO - CUDA Version: 12.4
2025-12-28 12:55:40 - __main__ - INFO - GPU Count: 1
2025-12-28 12:55:40 - __main__ - INFO - GPU 0: NVIDIA GeForce RTX 3050 Laptop GPU
2025-12-28 12:55:40 - __main__ - INFO -   Memory: 4.29 GB
2025-12-28 12:55:40 - __main__ - INFO - 
2025-12-28 12:55:40 - __main__ - INFO - 
2025-12-28 12:55:40 - __main__ - INFO - ================================================================================
2025-12-28 12:55:40 - __main__ - INFO - [STEP1] PII CLEANING
2025-12-28 12:55:40 - __main__ - INFO - ================================================================================
2025-12-28 12:55:40 - pii_cleaner - INFO - Loading all datasets...
2025-12-28 12:55:41 - pii_cleaner - INFO - Loaded Base.csv: 50000 rows (sampled)
2025-12-28 12:55:41 - pii_cleaner - INFO - Loaded Variant I.csv: 50000 rows (sampled)
2025-12-28 12:55:41 - pii_cleaner - INFO - Loaded Variant II.csv: 50000 rows (sampled)
2025-12-28 12:55:42 - pii_cleaner - INFO - Loaded Variant III.csv: 50000 rows (sampled)
2025-12-28 12:55:42 - pii_cleaner - INFO - Loaded Variant IV.csv: 50000 rows (sampled)
2025-12-28 12:55:42 - pii_cleaner - INFO - Loaded Variant V.csv: 50000 rows (sampled)
2025-12-28 12:55:42 - pii_cleaner - INFO - Cleaning PII from all datasets...
2025-12-28 12:55:42 - pii_cleaner - INFO - Cleaning PII from Base
2025-12-28 12:55:43 - pii_cleaner - INFO - Saved cleaned dataset: C:\Users\anshu\GenAI-Powered Fraud Detection System\generated\Base_clean.csv
2025-12-28 12:55:43 - pii_cleaner - INFO - Cleaning PII from Variant I
2025-12-28 12:55:44 - pii_cleaner - INFO - Saved cleaned dataset: C:\Users\anshu\GenAI-Powered Fraud Detection System\generated\Variant I_clean.csv
2025-12-28 12:55:44 - pii_cleaner - INFO - Cleaning PII from Variant II
2025-12-28 12:55:45 - pii_cleaner - INFO - Saved cleaned dataset: C:\Users\anshu\GenAI-Powered Fraud Detection System\generated\Variant II_clean.csv
2025-12-28 12:55:45 - pii_cleaner - INFO - Cleaning PII from Variant III
2025-12-28 12:55:47 - pii_cleaner - INFO - Saved cleaned dataset: C:\Users\anshu\GenAI-Powered Fraud Detection System\generated\Variant III_clean.csv
2025-12-28 12:55:47 - pii_cleaner - INFO - Cleaning PII from Variant IV
2025-12-28 12:55:48 - pii_cleaner - INFO - Saved cleaned dataset: C:\Users\anshu\GenAI-Powered Fraud Detection System\generated\Variant IV_clean.csv
2025-12-28 12:55:48 - pii_cleaner - INFO - Cleaning PII from Variant V
2025-12-28 12:55:49 - pii_cleaner - INFO - Saved cleaned dataset: C:\Users\anshu\GenAI-Powered Fraud Detection System\generated\Variant V_clean.csv
2025-12-28 12:55:49 - pii_cleaner - INFO - Combining all cleaned datasets...
2025-12-28 12:55:49 - pii_cleaner - INFO - Combined datasets into 300000 rows
2025-12-28 12:55:58 - pii_cleaner - INFO - Saved combined clean dataset: C:\Users\anshu\GenAI-Powered Fraud Detection System\generated\fraud_data_combined_clean.csv
2025-12-28 12:55:58 - __main__ - INFO - 
2025-12-28 12:55:58 - __main__ - INFO - ================================================================================
2025-12-28 12:55:58 - __main__ - INFO - [STEP2] FRAUD NARRATIVE GENERATION
2025-12-28 12:55:58 - __main__ - INFO - ================================================================================
2025-12-28 12:55:58 - genai_narrative_generator - INFO - Loading data from C:\Users\anshu\GenAI-Powered Fraud Detection System\generated\fraud_data_combined_clean.csv
2025-12-28 12:56:00 - genai_narrative_generator - INFO - Generating narratives for 5000 transactions
2025-12-28 12:56:01 - genai_narrative_generator - INFO - Augmenting narratives with fraud patterns
2025-12-28 12:56:01 - genai_narrative_generator - INFO - Saved 5000 narratives to C:\Users\anshu\GenAI-Powered Fraud Detection System\generated\fraud_narratives_combined.csv
2025-12-28 12:56:01 - genai_narrative_generator - INFO - Narrative generation complete: 5000 narratives
2025-12-28 12:56:01 - __main__ - INFO - 
2025-12-28 12:56:01 - __main__ - INFO - ================================================================================
2025-12-28 12:56:01 - __main__ - INFO - [STEP3] FRAUD EMBEDDING MODEL
2025-12-28 12:56:01 - __main__ - INFO - ================================================================================
2025-12-28 12:56:01 - genai_embedding_model - INFO - Loading narratives from C:\Users\anshu\GenAI-Powered Fraud Detection System\generated\fraud_narratives_combined.csv
2025-12-28 12:56:01 - genai_embedding_model - INFO - Loaded 5000 narratives
2025-12-28 12:56:01 - genai_embedding_model - INFO - Using device: cuda:0
2025-12-28 12:56:01 - genai_embedding_model - INFO - GPU: NVIDIA GeForce RTX 3050 Laptop GPU
2025-12-28 12:56:01 - genai_embedding_model - INFO - CUDA Version: 12.4
2025-12-28 12:56:01 - genai_embedding_model - INFO - GPU Memory: 4.29 GB
2025-12-28 12:56:01 - genai_embedding_model - INFO - GPU memory cache cleared for optimization
2025-12-28 12:56:01 - genai_embedding_model - INFO - PyTorch Version: 2.6.0+cu124
2025-12-28 12:56:01 - urllib3.connectionpool - DEBUG - Starting new HTTPS connection (1): huggingface.co:443
2025-12-28 12:56:02 - urllib3.connectionpool - DEBUG - https://huggingface.co:443 "HEAD /distilbert-base-uncased/resolve/main/tokenizer_config.json HTTP/1.1" 200 0
2025-12-28 12:56:03 - urllib3.connectionpool - DEBUG - https://huggingface.co:443 "GET /api/models/distilbert-base-uncased/tree/main/additional_chat_templates?recursive=False&expand=False HTTP/1.1" 307 146
2025-12-28 12:56:03 - urllib3.connectionpool - DEBUG - https://huggingface.co:443 "GET /api/models/distilbert/distilbert-base-uncased/tree/main/additional_chat_templates?recursive=False&expand=False HTTP/1.1" 404 64
2025-12-28 12:56:03 - urllib3.connectionpool - DEBUG - https://huggingface.co:443 "GET /api/models/distilbert-base-uncased/tree/main?recursive=True&expand=False HTTP/1.1" 307 119
2025-12-28 12:56:03 - urllib3.connectionpool - DEBUG - https://huggingface.co:443 "GET /api/models/distilbert/distilbert-base-uncased/tree/main?recursive=True&expand=False HTTP/1.1" 200 2197
2025-12-28 12:56:04 - urllib3.connectionpool - DEBUG - https://huggingface.co:443 "HEAD /distilbert-base-uncased/resolve/main/config.json HTTP/1.1" 200 0
2025-12-28 12:56:04 - urllib3.connectionpool - DEBUG - https://huggingface.co:443 "HEAD /distilbert-base-uncased/resolve/main/config.json HTTP/1.1" 200 0
2025-12-28 12:56:05 - genai_embedding_model - INFO - Training model for 3 epochs with batch_size=16
2025-12-28 12:56:12 - genai_embedding_model - INFO - Epoch 1 [10] Loss: 0.0107
2025-12-28 12:56:17 - genai_embedding_model - INFO - Epoch 1 [20] Loss: 0.0043
2025-12-28 12:56:22 - genai_embedding_model - INFO - Epoch 1 [30] Loss: 0.0108
2025-12-28 12:56:28 - genai_embedding_model - INFO - Epoch 1 [40] Loss: 0.3344
2025-12-28 12:56:33 - genai_embedding_model - INFO - Epoch 1 [50] Loss: 0.0115
2025-12-28 12:56:39 - genai_embedding_model - INFO - Epoch 1 [60] Loss: 0.0106
2025-12-28 12:56:44 - genai_embedding_model - INFO - Epoch 1 [70] Loss: 0.0090
2025-12-28 12:56:50 - genai_embedding_model - INFO - Epoch 1 [80] Loss: 0.0157
2025-12-28 12:56:56 - genai_embedding_model - INFO - Epoch 1 [90] Loss: 0.0138
2025-12-28 12:57:02 - genai_embedding_model - INFO - Epoch 1 [100] Loss: 0.0059
2025-12-28 12:57:08 - genai_embedding_model - INFO - Epoch 1 [110] Loss: 0.0026
2025-12-28 12:57:15 - genai_embedding_model - INFO - Epoch 1 [120] Loss: 0.0156
2025-12-28 12:57:22 - genai_embedding_model - INFO - Epoch 1 [130] Loss: 0.0011
2025-12-28 12:57:30 - genai_embedding_model - INFO - Epoch 1 [140] Loss: 0.0008
2025-12-28 12:57:38 - genai_embedding_model - INFO - Epoch 1 [150] Loss: 0.0007
2025-12-28 12:57:45 - genai_embedding_model - INFO - Epoch 1 [160] Loss: 0.0006
2025-12-28 12:57:53 - genai_embedding_model - INFO - Epoch 1 [170] Loss: 0.0005
2025-12-28 12:58:01 - genai_embedding_model - INFO - Epoch 1 [180] Loss: 0.0005
2025-12-28 12:58:11 - genai_embedding_model - INFO - Epoch 1 [190] Loss: 0.0004
2025-12-28 12:58:22 - genai_embedding_model - INFO - Epoch 1 [200] Loss: 0.0028
2025-12-28 12:58:34 - genai_embedding_model - INFO - Epoch 1 [210] Loss: 0.0004
2025-12-28 12:58:46 - genai_embedding_model - INFO - Epoch 1 [220] Loss: 0.0021
2025-12-28 12:59:00 - genai_embedding_model - INFO - Epoch 1 [230] Loss: 0.0003
2025-12-28 12:59:15 - genai_embedding_model - INFO - Epoch 1 [240] Loss: 0.0003
2025-12-28 12:59:30 - genai_embedding_model - INFO - Epoch 1 [250] Loss: 0.0003
2025-12-28 12:59:49 - genai_embedding_model - INFO - Epoch 1 [260] Loss: 0.0003
2025-12-28 13:00:10 - genai_embedding_model - INFO - Epoch 1 [270] Loss: 0.0003
2025-12-28 13:00:34 - genai_embedding_model - INFO - Epoch 1 [280] Loss: 0.0002
2025-12-28 13:00:58 - genai_embedding_model - INFO - Epoch 1 [290] Loss: 0.0002
2025-12-28 13:01:23 - genai_embedding_model - INFO - Epoch 1 [300] Loss: 0.0002
2025-12-28 13:01:48 - genai_embedding_model - INFO - Epoch 1 [310] Loss: 0.0002
2025-12-28 13:01:55 - genai_embedding_model - INFO - Epoch 1 completed - Avg Loss: 0.0256
2025-12-28 13:02:22 - genai_embedding_model - INFO - Epoch 2 [10] Loss: 0.0002
2025-12-28 13:02:48 - genai_embedding_model - INFO - Epoch 2 [20] Loss: 0.0002
2025-12-28 13:03:13 - genai_embedding_model - INFO - Epoch 2 [30] Loss: 0.0001
2025-12-28 13:03:38 - genai_embedding_model - INFO - Epoch 2 [40] Loss: 0.0001
2025-12-28 13:04:01 - genai_embedding_model - INFO - Epoch 2 [50] Loss: 0.0002
2025-12-28 13:04:18 - genai_embedding_model - INFO - Epoch 2 [60] Loss: 0.0001
2025-12-28 13:04:33 - genai_embedding_model - INFO - Epoch 2 [70] Loss: 0.0005
2025-12-28 13:04:54 - genai_embedding_model - INFO - Epoch 2 [80] Loss: 0.0001
2025-12-28 13:05:17 - genai_embedding_model - INFO - Epoch 2 [90] Loss: 0.0001
2025-12-28 13:05:41 - genai_embedding_model - INFO - Epoch 2 [100] Loss: 0.0001
2025-12-28 13:05:59 - genai_embedding_model - INFO - Epoch 2 [110] Loss: 0.0001
2025-12-28 13:06:16 - genai_embedding_model - INFO - Epoch 2 [120] Loss: 0.0004
